<<<<<<<<<<<<<<<<<<
You are currently using Stack version 2.9.3.1, but version 3.7.1 is available
You can try to upgrade by running 'stack upgrade'
Tired of seeing this? Add 'recommend-stack-upgrade: false' to /home/ryan/.stack/config.yaml
>>>>>>>>>>>>>>>>>>


Stack has not been tested with GHC versions above 9.4, and using 9.6.7, this may fail
/home/ryan/.stack/hooks/ghc-install.sh: line 12: ghcup: command not found
/home/ryan/.stack/hooks/ghc-install.sh: line 12: ghcup: command not found
Installing 9.6.7 via ghcup failed
GHC install hook exited with code: 3
Preparing to install GHC (tinfo6) to an isolated location.
This will not interfere with any system-level installation.
Preparing to download ghc-tinfo6-9.6.7 ...
ghc-tinfo6-9.6.7: download has begun
ghc-tinfo6-9.6.7:   42.79 MiB / 204.04 MiB ( 20.97%) downloaded...
ghc-tinfo6-9.6.7:   92.44 MiB / 204.04 MiB ( 45.31%) downloaded...
ghc-tinfo6-9.6.7:  144.12 MiB / 204.04 MiB ( 70.64%) downloaded...
ghc-tinfo6-9.6.7:  189.83 MiB / 204.04 MiB ( 93.04%) downloaded...
ghc-tinfo6-9.6.7:  204.04 MiB / 204.04 MiB (100.00%) downloaded...
Downloaded ghc-tinfo6-9.6.7.
Unpacking GHC into /home/ryan/.stack/programs/x86_64-linux/ghc-tinfo6-9.6.7.temp/ ...
Configuring GHC ...
/home/ryan/.stack/programs/x86_64-linux/ghc-tinfo6-9.6.7.temp/ghc-9.6.7-x86_64-unknown-linux/configure: line 6559: FP_PROG_LD_BUILD_ID: command not found
ar: conftest.a: No such file or directory
Installing GHC ...
