Arguments: 
  /Users/batman/.nvm/versions/node/v10.15.3/bin/node /Users/batman/.yarn/bin/yarnpkg add coc-tssserver --ignore-engines

PATH: 
  /Users/batman/.yarn/bin:/Users/batman/.config/yarn/global/node_modules/.bin:/Users/batman/.nvm/versions/node/v10.15.3/bin:/usr/local/opt/ruby/bin:/usr/local/bin:/usr/bin:/bin:/usr/sbin:/sbin:/Users/RyanBasmajian/.local/bin:/Users/RyanBasmajian/.npm/purs:/Users/batman/.fzf/bin:/Users/batman/.antigen/bundles/robbyrussell/oh-my-zsh/lib:/Users/batman/.antigen/bundles/robbyrussell/oh-my-zsh/plugins/pip:/Users/batman/.antigen/bundles/robbyrussell/oh-my-zsh/plugins/cabal:/Users/batman/.antigen/bundles/robbyrussell/oh-my-zsh/plugins/dotenv:/Users/batman/.antigen/bundles/robbyrussell/oh-my-zsh/plugins/lein:/Users/batman/.antigen/bundles/robbyrussell/oh-my-zsh/plugins/command-not-found:/Users/batman/.antigen/bundles/zsh-users/zsh-autosuggestions:/Users/batman/.antigen/bundles/zsh-users/zsh-syntax-highlighting:/Users/batman/.antigen/bundles/wfxr/forgit:/Users/batman/.antigen/bundles/jedahan/ripz

Yarn version: 
  1.13.0

Node version: 
  10.15.3

Platform: 
  darwin x64

Trace: 
  Error: https://registry.yarnpkg.com/coc-tssserver: Not found
      at Request.params.callback [as _callback] (/Users/batman/.yarn/lib/cli.js:66255:18)
      at Request.self.callback (/Users/batman/.yarn/lib/cli.js:129397:22)
      at Request.emit (events.js:189:13)
      at Request.<anonymous> (/Users/batman/.yarn/lib/cli.js:130369:10)
      at Request.emit (events.js:189:13)
      at IncomingMessage.<anonymous> (/Users/batman/.yarn/lib/cli.js:130291:12)
      at Object.onceWrapper (events.js:277:13)
      at IncomingMessage.emit (events.js:194:15)
      at endReadableNT (_stream_readable.js:1125:12)
      at process._tickCallback (internal/process/next_tick.js:63:19)

npm manifest: 
  {
    "dependencies": {
      "coc-emmet": "^1.0.9"
    }
  }

yarn manifest: 
  No manifest

Lockfile: 
  # THIS IS AN AUTOGENERATED FILE. DO NOT EDIT THIS FILE DIRECTLY.
  # yarn lockfile v1
  
  
  "@emmetio/css-parser@github:ramya-rao-a/css-parser#vscode":
    version "0.4.0"
    resolved "https://codeload.github.com/ramya-rao-a/css-parser/tar.gz/370c480ac103bd17c7bcfb34bf5d577dc40d3660"
    dependencies:
      "@emmetio/stream-reader" "^2.2.0"
      "@emmetio/stream-reader-utils" "^0.1.0"
  
  "@emmetio/extract-abbreviation@0.1.6":
    version "0.1.6"
    resolved "https://registry.yarnpkg.com/@emmetio/extract-abbreviation/-/extract-abbreviation-0.1.6.tgz#e4a9856c1057f0aff7d443b8536477c243abe28c"
    integrity sha512-Ce3xE2JvTSEbASFbRbA1gAIcMcZWdS2yUYRaQbeM0nbOzaZrUYfa3ePtcriYRZOZmr+CkKA+zbjhvTpIOAYVcw==
  
  "@emmetio/html-matcher@^0.3.3":
    version "0.3.3"
    resolved "https://registry.yarnpkg.com/@emmetio/html-matcher/-/html-matcher-0.3.3.tgz#0bbdadc0882e185950f03737dc6dbf8f7bd90728"
    integrity sha1-C72twIguGFlQ8Dc33G2/j3vZByg=
    dependencies:
      "@emmetio/stream-reader" "^2.0.0"
      "@emmetio/stream-reader-utils" "^0.1.0"
  
  "@emmetio/math-expression@^0.1.1":
    version "0.1.1"
    resolved "https://registry.yarnpkg.com/@emmetio/math-expression/-/math-expression-0.1.1.tgz#1ff2c7f05800f64c57ca89038ee18bce9f5776dc"
    integrity sha1-H/LH8FgA9kxXyokDjuGLzp9Xdtw=
    dependencies:
      "@emmetio/stream-reader" "^2.0.1"
      "@emmetio/stream-reader-utils" "^0.1.0"
  
  "@emmetio/stream-reader-utils@^0.1.0":
    version "0.1.0"
    resolved "https://registry.yarnpkg.com/@emmetio/stream-reader-utils/-/stream-reader-utils-0.1.0.tgz#244cb02c77ec2e74f78a9bd318218abc9c500a61"
    integrity sha1-JEywLHfsLnT3ipvTGCGKvJxQCmE=
  
  "@emmetio/stream-reader@^2.0.0", "@emmetio/stream-reader@^2.0.1", "@emmetio/stream-reader@^2.2.0":
    version "2.2.0"
    resolved "https://registry.yarnpkg.com/@emmetio/stream-reader/-/stream-reader-2.2.0.tgz#46cffea119a0a003312a21c2d9b5628cb5fcd442"
    integrity sha1-Rs/+oRmgoAMxKiHC2bVijLX81EI=
  
  coc-emmet@^1.0.9:
    version "1.0.9"
    resolved "https://registry.yarnpkg.com/coc-emmet/-/coc-emmet-1.0.9.tgz#a4035cfba1d1dafdc114a642bcd4f70905af113f"
    integrity sha512-dCtCeTd2c5SWFuyDkuhyESXZdFH7D9FDa9+QwWss1hbvSqS7ni9xQ+IGkU2hisvaQlB76hzJscWU/o4E1pXs3w==
    dependencies:
      "@emmetio/css-parser" ramya-rao-a/css-parser#vscode
      "@emmetio/html-matcher" "^0.3.3"
      "@emmetio/math-expression" "^0.1.1"
      tslib "^1.9.3"
      vscode-emmet-helper "^1.2.12"
      vscode-languageserver-protocol "^3.13.0"
      vscode-uri "^1.0.6"
  
  jsonc-parser@^1.0.0:
    version "1.0.3"
    resolved "https://registry.yarnpkg.com/jsonc-parser/-/jsonc-parser-1.0.3.tgz#1d53d7160e401a783dbceabaad82473f80e6ad7e"
    integrity sha512-hk/69oAeaIzchq/v3lS50PXuzn5O2ynldopMC+SWBql7J2WtdptfB9dy8Y7+Og5rPkTCpn83zTiO8FMcqlXJ/g==
  
  tslib@^1.9.3:
    version "1.9.3"
    resolved "https://registry.yarnpkg.com/tslib/-/tslib-1.9.3.tgz#d7e4dd79245d85428c4d7e4822a79917954ca286"
    integrity sha512-4krF8scpejhaOgqzBEcGM7yDIEfi0/8+8zDRZhNZZ2kjmHJ4hv3zCbQWxoJGz1iw5U0Jl0nma13xzHXcncMavQ==
  
  vscode-emmet-helper@^1.2.12:
    version "1.2.15"
    resolved "https://registry.yarnpkg.com/vscode-emmet-helper/-/vscode-emmet-helper-1.2.15.tgz#62dbfbf49bb9ebe329cb7bffdda5aaac725eea7a"
    integrity sha512-JplvmMMWSvm/6/dZezix2ADPM49u6YahPYjs/QToohUpomW/2Eb27ecCrkCyOGBPfKLKGiOPHCssss8TSDA9ag==
    dependencies:
      "@emmetio/extract-abbreviation" "0.1.6"
      jsonc-parser "^1.0.0"
      vscode-languageserver-types "^3.6.0-next.1"
  
  vscode-jsonrpc@^4.0.0:
    version "4.0.0"
    resolved "https://registry.yarnpkg.com/vscode-jsonrpc/-/vscode-jsonrpc-4.0.0.tgz#a7bf74ef3254d0a0c272fab15c82128e378b3be9"
    integrity sha512-perEnXQdQOJMTDFNv+UF3h1Y0z4iSiaN9jIlb0OqIYgosPCZGYh/MCUlkFtV2668PL69lRDO32hmvL2yiidUYg==
  
  vscode-languageserver-protocol@^3.13.0:
    version "3.14.1"
    resolved "https://registry.yarnpkg.com/vscode-languageserver-protocol/-/vscode-languageserver-protocol-3.14.1.tgz#b8aab6afae2849c84a8983d39a1cf742417afe2f"
    integrity sha512-IL66BLb2g20uIKog5Y2dQ0IiigW0XKrvmWiOvc0yXw80z3tMEzEnHjaGAb3ENuU7MnQqgnYJ1Cl2l9RvNgDi4g==
    dependencies:
      vscode-jsonrpc "^4.0.0"
      vscode-languageserver-types "3.14.0"
  
  vscode-languageserver-types@3.14.0, vscode-languageserver-types@^3.6.0-next.1:
    version "3.14.0"
    resolved "https://registry.yarnpkg.com/vscode-languageserver-types/-/vscode-languageserver-types-3.14.0.tgz#d3b5952246d30e5241592b6dde8280e03942e743"
    integrity sha512-lTmS6AlAlMHOvPQemVwo3CezxBp0sNB95KNPkqp3Nxd5VFEnuG1ByM0zlRWos0zjO3ZWtkvhal0COgiV1xIA4A==
  
  vscode-uri@^1.0.6:
    version "1.0.6"
    resolved "https://registry.yarnpkg.com/vscode-uri/-/vscode-uri-1.0.6.tgz#6b8f141b0bbc44ad7b07e94f82f168ac7608ad4d"
    integrity sha512-sLI2L0uGov3wKVb9EB+vIQBl9tVP90nqRvxSoJ35vI3NjxE8jfsE5DSOhWgSunHSZmKS4OCi2jrtfxK7uyp2ww==
